<?xml version="1.0" encoding="UTF-8"?>
<robot generator="Robot 5.0 (Python 3.8.10 on linux)" generated="20220412 08:16:02.431" rpa="false" schemaversion="3">
<suite id="s1" name="Receituario" source="/home/jofran/Quality/Hapvida/Automatizado/Appium_Hap_Rec/receituario.robot">
<test id="s1-t1" line="11">
<status status="FAIL" starttime="20220412 08:16:02.532" endtime="20220412 08:16:02.533">Test name cannot be empty.</status>
</test>
<test id="s1-t2" name="Cenario_2" line="25">
<kw name="AppNav" library="base" type="SETUP">
<kw name="Open Application" library="AppiumLibrary">
<arg>http://localhost:4723/wd/hub</arg>
<arg>automationName=UiAutomator2</arg>
<arg>platformName=Android</arg>
<arg>deviceName=simulator</arg>
<arg>app=${EXECDIR}/app-debug-final.apk</arg>
<arg>autoGrantPermissions=true</arg>
<doc>Opens a new application to given Appium server.
Capabilities of appium server, Android and iOS,
Please check https://github.com/appium/appium/blob/master/docs/en/writing-running-appium/server-args.md
| *Option*            | *Man.* | *Description*     |
| remote_url          | Yes    | Appium server url |
| alias               | no     | alias             |</doc>
<status status="PASS" starttime="20220412 08:16:02.534" endtime="20220412 08:16:07.719"/>
</kw>
<status status="PASS" starttime="20220412 08:16:02.534" endtime="20220412 08:16:07.720"/>
</kw>
<kw name="Set Appium Timeout" library="AppiumLibrary">
<arg>10</arg>
<doc>Sets the timeout in seconds used by various keywords.</doc>
<status status="PASS" starttime="20220412 08:16:07.720" endtime="20220412 08:16:07.720"/>
</kw>
<kw name="Login" library="base">
<kw name="Wait Until Element Is Visible" library="AppiumLibrary">
<arg>id=br.com.hapvida.hapvida:id/buttonEntrarNoHaplicativo</arg>
<doc>Waits until element specified with `locator` is visible.</doc>
<status status="PASS" starttime="20220412 08:16:07.721" endtime="20220412 08:16:11.382"/>
</kw>
<kw name="Click Element" library="AppiumLibrary">
<arg>id=br.com.hapvida.hapvida:id/buttonEntrarNoHaplicativo</arg>
<doc>Click element identified by `locator`.</doc>
<msg timestamp="20220412 08:16:11.383" level="INFO">Clicking element 'id=br.com.hapvida.hapvida:id/buttonEntrarNoHaplicativo'.</msg>
<status status="PASS" starttime="20220412 08:16:11.382" endtime="20220412 08:16:11.456"/>
</kw>
<kw name="Swipe By Percent" library="AppiumLibrary">
<arg>88.0</arg>
<arg>88.22</arg>
<arg>88.0</arg>
<arg>18.22</arg>
<doc>Swipe from one percent of the screen to another percent, for an optional duration.
Normal swipe fails to scale for different screen resolutions, this can be avoided using percent.</doc>
<status status="PASS" starttime="20220412 08:16:11.456" endtime="20220412 08:16:13.156"/>
</kw>
<kw name="Wait Until Element Is Visible" library="AppiumLibrary">
<arg>id=br.com.hapvida.hapvida:id/buttonEntendiTermosDeUso2</arg>
<doc>Waits until element specified with `locator` is visible.</doc>
<status status="PASS" starttime="20220412 08:16:13.157" endtime="20220412 08:16:13.830"/>
</kw>
<kw name="Click Element" library="AppiumLibrary">
<arg>id=br.com.hapvida.hapvida:id/buttonEntendiTermosDeUso2</arg>
<doc>Click element identified by `locator`.</doc>
<msg timestamp="20220412 08:16:13.832" level="INFO">Clicking element 'id=br.com.hapvida.hapvida:id/buttonEntendiTermosDeUso2'.</msg>
<status status="PASS" starttime="20220412 08:16:13.830" endtime="20220412 08:16:13.901"/>
</kw>
<kw name="Wait Until Element Is Visible" library="AppiumLibrary">
<arg>id=br.com.hapvida.hapvida:id/campoLogin</arg>
<doc>Waits until element specified with `locator` is visible.</doc>
<status status="PASS" starttime="20220412 08:16:13.901" endtime="20220412 08:16:15.085"/>
</kw>
<kw name="Input Text" library="AppiumLibrary">
<arg>id=br.com.hapvida.hapvida:id/campoLogin</arg>
<arg>edyemarina2014@gmail.com</arg>
<doc>Types the given `text` into text field identified by `locator`.</doc>
<msg timestamp="20220412 08:16:15.088" level="INFO">Typing text 'edyemarina2014@gmail.com' into text field 'id=br.com.hapvida.hapvida:id/campoLogin'</msg>
<status status="PASS" starttime="20220412 08:16:15.086" endtime="20220412 08:16:15.141"/>
</kw>
<kw name="Click Element" library="AppiumLibrary">
<arg>id=br.com.hapvida.hapvida:id/buttonContinuarTelaDigitarCpf</arg>
<doc>Click element identified by `locator`.</doc>
<msg timestamp="20220412 08:16:15.143" level="INFO">Clicking element 'id=br.com.hapvida.hapvida:id/buttonContinuarTelaDigitarCpf'.</msg>
<status status="PASS" starttime="20220412 08:16:15.142" endtime="20220412 08:16:15.745"/>
</kw>
<kw name="Input Text" library="AppiumLibrary">
<arg>xpath=/hierarchy/android.widget.FrameLayout/android.widget.LinearLayout/android.widget.FrameLayout/android.widget.LinearLayout/android.widget.FrameLayout/android.view.ViewGroup/android.widget.LinearLayout/android.widget.FrameLayout/android.widget.EditText</arg>
<arg>123456</arg>
<doc>Types the given `text` into text field identified by `locator`.</doc>
<msg timestamp="20220412 08:16:15.747" level="INFO">Typing text '123456' into text field 'xpath=/hierarchy/android.widget.FrameLayout/android.widget.LinearLayout/android.widget.FrameLayout/android.widget.LinearLayout/android.widget.FrameLayout/android.view.ViewGroup/android.widget.LinearLayout/android.widget.FrameLayout/android.widget.EditText'</msg>
<status status="PASS" starttime="20220412 08:16:15.745" endtime="20220412 08:16:16.724"/>
</kw>
<kw name="Click Text" library="AppiumLibrary">
<arg>Entrar</arg>
<doc>Click text identified by ``text``.</doc>
<status status="PASS" starttime="20220412 08:16:16.725" endtime="20220412 08:16:17.361"/>
</kw>
<kw name="Wait Until Element Is Visible" library="AppiumLibrary">
<arg>xpath=/hierarchy/android.widget.FrameLayout/android.widget.LinearLayout/android.widget.FrameLayout/android.widget.LinearLayout/android.widget.FrameLayout/android.view.ViewGroup/androidx.viewpager.widget.ViewPager/android.view.ViewGroup/android.widget.Button</arg>
<doc>Waits until element specified with `locator` is visible.</doc>
<status status="PASS" starttime="20220412 08:16:17.362" endtime="20220412 08:16:19.578"/>
</kw>
<kw name="Click Element" library="AppiumLibrary">
<arg>xpath=/hierarchy/android.widget.FrameLayout/android.widget.LinearLayout/android.widget.FrameLayout/android.widget.LinearLayout/android.widget.FrameLayout/android.view.ViewGroup/androidx.viewpager.widget.ViewPager/android.view.ViewGroup/android.widget.Button</arg>
<doc>Click element identified by `locator`.</doc>
<msg timestamp="20220412 08:16:19.579" level="INFO">Clicking element 'xpath=/hierarchy/android.widget.FrameLayout/android.widget.LinearLayout/android.widget.FrameLayout/android.widget.LinearLayout/android.widget.FrameLayout/android.view.ViewGroup/androidx.viewpager.widget.ViewPager/android.view.ViewGroup/android.widget.Button'.</msg>
<status status="PASS" starttime="20220412 08:16:19.578" endtime="20220412 08:16:19.640"/>
</kw>
<status status="PASS" starttime="20220412 08:16:07.721" endtime="20220412 08:16:19.641"/>
</kw>
<kw name="Contrato Saude Linx" library="base">
<kw name="Wait Until Element Is Visible" library="AppiumLibrary">
<arg>xpath=/hierarchy/android.widget.FrameLayout/android.widget.LinearLayout/android.widget.FrameLayout/android.widget.LinearLayout/android.widget.FrameLayout/android.view.ViewGroup/android.widget.ScrollView/android.view.ViewGroup/androidx.recyclerview.widget.RecyclerView/android.view.ViewGroup[3]/android.widget.FrameLayout/android.view.ViewGroup</arg>
<doc>Waits until element specified with `locator` is visible.</doc>
<status status="PASS" starttime="20220412 08:16:19.641" endtime="20220412 08:16:21.555"/>
</kw>
<kw name="Click Element" library="AppiumLibrary">
<arg>xpath=/hierarchy/android.widget.FrameLayout/android.widget.LinearLayout/android.widget.FrameLayout/android.widget.LinearLayout/android.widget.FrameLayout/android.view.ViewGroup/android.widget.ScrollView/android.view.ViewGroup/androidx.recyclerview.widget.RecyclerView/android.view.ViewGroup[3]/android.widget.FrameLayout/android.view.ViewGroup</arg>
<doc>Click element identified by `locator`.</doc>
<msg timestamp="20220412 08:16:21.557" level="INFO">Clicking element 'xpath=/hierarchy/android.widget.FrameLayout/android.widget.LinearLayout/android.widget.FrameLayout/android.widget.LinearLayout/android.widget.FrameLayout/android.view.ViewGroup/android.widget.ScrollView/android.view.ViewGroup/androidx.recyclerview.widget.RecyclerView/android.view.ViewGroup[3]/android.widget.FrameLayout/android.view.ViewGroup'.</msg>
<status status="PASS" starttime="20220412 08:16:21.556" endtime="20220412 08:16:21.632"/>
</kw>
<kw name="Wait Until Element Is Visible" library="AppiumLibrary">
<arg>id=br.com.hapvida.hapvida:id/buttonItemEscolhaBeneficiario</arg>
<doc>Waits until element specified with `locator` is visible.</doc>
<status status="PASS" starttime="20220412 08:16:21.632" endtime="20220412 08:16:22.419"/>
</kw>
<kw name="Click Element" library="AppiumLibrary">
<arg>id=br.com.hapvida.hapvida:id/buttonItemEscolhaBeneficiario</arg>
<doc>Click element identified by `locator`.</doc>
<msg timestamp="20220412 08:16:22.421" level="INFO">Clicking element 'id=br.com.hapvida.hapvida:id/buttonItemEscolhaBeneficiario'.</msg>
<status status="PASS" starttime="20220412 08:16:22.419" endtime="20220412 08:16:22.470"/>
</kw>
<kw name="Wait Until Element Is Visible" library="AppiumLibrary">
<arg>id=br.com.hapvida.hapvida:id/buttonNaoTornarBeneficiarioPadrao</arg>
<doc>Waits until element specified with `locator` is visible.</doc>
<status status="PASS" starttime="20220412 08:16:22.470" endtime="20220412 08:16:23.228"/>
</kw>
<kw name="Click Element" library="AppiumLibrary">
<arg>id=br.com.hapvida.hapvida:id/buttonNaoTornarBeneficiarioPadrao</arg>
<doc>Click element identified by `locator`.</doc>
<msg timestamp="20220412 08:16:23.233" level="INFO">Clicking element 'id=br.com.hapvida.hapvida:id/buttonNaoTornarBeneficiarioPadrao'.</msg>
<status status="PASS" starttime="20220412 08:16:23.229" endtime="20220412 08:16:23.305"/>
</kw>
<status status="PASS" starttime="20220412 08:16:19.641" endtime="20220412 08:16:23.306"/>
</kw>
<kw name="Menu Minhas Receitas" library="base">
<kw name="Wait Until Element Is Visible" library="AppiumLibrary">
<arg>xpath=//android.widget.ImageButton[@content-desc="Open navigation drawer"]</arg>
<doc>Waits until element specified with `locator` is visible.</doc>
<status status="PASS" starttime="20220412 08:16:23.306" endtime="20220412 08:16:24.344"/>
</kw>
<kw name="Click Element" library="AppiumLibrary">
<arg>xpath=//android.widget.ImageButton[@content-desc="Open navigation drawer"]</arg>
<doc>Click element identified by `locator`.</doc>
<msg timestamp="20220412 08:16:24.345" level="INFO">Clicking element 'xpath=//android.widget.ImageButton[@content-desc="Open navigation drawer"]'.</msg>
<status status="PASS" starttime="20220412 08:16:24.344" endtime="20220412 08:16:24.434"/>
</kw>
<kw name="Wait Until Element Is Visible" library="AppiumLibrary">
<arg>xpath=/hierarchy/android.widget.FrameLayout/android.widget.LinearLayout/android.widget.FrameLayout/android.widget.LinearLayout/android.widget.FrameLayout/androidx.drawerlayout.widget.DrawerLayout/android.widget.FrameLayout/androidx.recyclerview.widget.RecyclerView/android.widget.LinearLayout/android.view.ViewGroup/android.widget.TextView</arg>
<doc>Waits until element specified with `locator` is visible.</doc>
<status status="PASS" starttime="20220412 08:16:24.434" endtime="20220412 08:16:25.648"/>
</kw>
<kw name="Wait Until Page Contains" library="AppiumLibrary">
<arg>Menu</arg>
<doc>Waits until `text` appears on current page.</doc>
<status status="PASS" starttime="20220412 08:16:25.648" endtime="20220412 08:16:26.039"/>
</kw>
<kw name="Click Text" library="AppiumLibrary">
<arg>Minhas Receitas</arg>
<doc>Click text identified by ``text``.</doc>
<status status="PASS" starttime="20220412 08:16:26.039" endtime="20220412 08:16:26.499"/>
</kw>
<kw name="Wait Until Page Contains" library="AppiumLibrary">
<arg>Minhas Receitas</arg>
<doc>Waits until `text` appears on current page.</doc>
<status status="PASS" starttime="20220412 08:16:26.499" endtime="20220412 08:16:27.151"/>
</kw>
<status status="PASS" starttime="20220412 08:16:23.306" endtime="20220412 08:16:27.152"/>
</kw>
<kw name="Filtros" library="base">
<kw name="Wait Until Element Is Visible" library="AppiumLibrary">
<arg>id=fabFilterMainButton</arg>
<doc>Waits until element specified with `locator` is visible.</doc>
<status status="PASS" starttime="20220412 08:16:27.153" endtime="20220412 08:16:27.477"/>
</kw>
<kw name="Click Element" library="AppiumLibrary">
<arg>id=fabFilterMainButton</arg>
<doc>Click element identified by `locator`.</doc>
<msg timestamp="20220412 08:16:27.480" level="INFO">Clicking element 'id=fabFilterMainButton'.</msg>
<status status="PASS" starttime="20220412 08:16:27.477" endtime="20220412 08:16:27.553"/>
</kw>
<kw name="Wait Until Page Contains" library="AppiumLibrary">
<arg>Selecionar especialidade</arg>
<doc>Waits until `text` appears on current page.</doc>
<status status="PASS" starttime="20220412 08:16:27.554" endtime="20220412 08:16:30.022"/>
</kw>
<kw name="Click Text" library="AppiumLibrary">
<arg>Selecionar especialidade</arg>
<doc>Click text identified by ``text``.</doc>
<status status="PASS" starttime="20220412 08:16:30.023" endtime="20220412 08:16:30.598"/>
</kw>
<kw name="Click Text" library="AppiumLibrary">
<arg>PEDIATRIA</arg>
<doc>Click text identified by ``text``.</doc>
<status status="PASS" starttime="20220412 08:16:30.598" endtime="20220412 08:16:32.190"/>
</kw>
<kw name="Wait Until Element Is Visible" library="AppiumLibrary">
<arg>id=br.com.hapvida.hapvida:id/spinnerSelecionarMes</arg>
<doc>Waits until element specified with `locator` is visible.</doc>
<status status="PASS" starttime="20220412 08:16:32.191" endtime="20220412 08:16:32.292"/>
</kw>
<kw name="Click Element" library="AppiumLibrary">
<arg>id=br.com.hapvida.hapvida:id/spinnerSelecionarMes</arg>
<doc>Click element identified by `locator`.</doc>
<msg timestamp="20220412 08:16:32.298" level="INFO">Clicking element 'id=br.com.hapvida.hapvida:id/spinnerSelecionarMes'.</msg>
<status status="PASS" starttime="20220412 08:16:32.293" endtime="20220412 08:16:32.386"/>
</kw>
<kw name="Click Text" library="AppiumLibrary">
<arg>Abril</arg>
<doc>Click text identified by ``text``.</doc>
<status status="PASS" starttime="20220412 08:16:32.386" endtime="20220412 08:16:33.410"/>
</kw>
<kw name="Wait Until Element Is Visible" library="AppiumLibrary">
<arg>id=br.com.hapvida.hapvida:id/spinnerSelecionarAno</arg>
<doc>Waits until element specified with `locator` is visible.</doc>
<status status="PASS" starttime="20220412 08:16:33.410" endtime="20220412 08:16:34.063"/>
</kw>
<kw name="Click Element" library="AppiumLibrary">
<arg>id=br.com.hapvida.hapvida:id/spinnerSelecionarAno</arg>
<doc>Click element identified by `locator`.</doc>
<msg timestamp="20220412 08:16:34.071" level="INFO">Clicking element 'id=br.com.hapvida.hapvida:id/spinnerSelecionarAno'.</msg>
<status status="PASS" starttime="20220412 08:16:34.064" endtime="20220412 08:16:34.153"/>
</kw>
<kw name="Click Text" library="AppiumLibrary">
<arg>2021</arg>
<doc>Click text identified by ``text``.</doc>
<status status="PASS" starttime="20220412 08:16:34.153" endtime="20220412 08:16:35.654"/>
</kw>
<kw name="Click Element" library="AppiumLibrary">
<arg>id=br.com.hapvida.hapvida:id/buttonApplyFilter</arg>
<doc>Click element identified by `locator`.</doc>
<msg timestamp="20220412 08:16:35.661" level="INFO">Clicking element 'id=br.com.hapvida.hapvida:id/buttonApplyFilter'.</msg>
<status status="PASS" starttime="20220412 08:16:35.655" endtime="20220412 08:16:35.784"/>
</kw>
<status status="PASS" starttime="20220412 08:16:27.152" endtime="20220412 08:16:35.785"/>
</kw>
<kw name="Close Session" library="base" type="TEARDOWN">
<kw name="Close Application" library="AppiumLibrary">
<doc>Closes the current application and also close webdriver session.</doc>
<status status="PASS" starttime="20220412 08:16:35.786" endtime="20220412 08:16:36.405"/>
</kw>
<status status="PASS" starttime="20220412 08:16:35.785" endtime="20220412 08:16:36.406"/>
</kw>
<status status="PASS" starttime="20220412 08:16:02.533" endtime="20220412 08:16:36.406"/>
</test>
<status status="FAIL" starttime="20220412 08:16:02.432" endtime="20220412 08:16:36.407"/>
</suite>
<statistics>
<total>
<stat pass="1" fail="1" skip="0">All Tests</stat>
</total>
<tag>
</tag>
<suite>
<stat pass="1" fail="1" skip="0" id="s1" name="Receituario">Receituario</stat>
</suite>
</statistics>
<errors>
</errors>
</robot>
